2026-03-03 14:53:01.355 xcodebuild[3147:16361716]  DVTFilePathFSEvents: Failed to start fs event stream.
2026-03-03 14:53:01.541 xcodebuild[3147:16361712] [MT] DVTDeveloperPaths: Failed to get length of DARWIN_USER_CACHE_DIR from confstr(3), error = Error Domain=NSPOSIXErrorDomain Code=5 "Input/output error". Using NSCachesDirectory instead.
2026-03-03 14:53:01.864 xcodebuild[3147:16361717] CoreSimulatorService connection became invalid.  Simulator services will no longer be available.
2026-03-03 14:53:01.865 xcodebuild[3147:16361755] Logging connecton invalid: <OS_xpc_error: <dictionary: 0x1f4e303d0> { count = 1, transaction: 0, voucher = 0x0, contents =
	"XPCErrorDescription" => <string: 0x1f4e30518> { string cache = 0x0, length = 18, contents = "Connection invalid" }
}>
2026-03-03 14:53:01.865 xcodebuild[3147:16361755] Error opening log file (/Users/young/Library/Logs/CoreSimulator/CoreSimulator.com.apple.dt.xcodebuild.log): Operation not permitted
[-[SimServiceContext sendRequest:]:1743] ERROR : Unable to deliver request ({
    "developer_dir" = "/Applications/Xcode.app/Contents/Developer";
    request = "set_developer_dir";
}) because we are not connected to CoreSimulatorService.
Command line invocation:
    /Applications/Xcode.app/Contents/Developer/usr/bin/xcodebuild -scheme readytoorder -derivedDataPath .deriveddata -destination generic/platform=iOS CODE_SIGNING_ALLOWED=NO build

Build settings from command line:
    CODE_SIGNING_ALLOWED = NO

2026-03-03 14:53:01.918 xcodebuild[3147:16361712] [MT] DVTAssertions: Warning in DVTFrameworks/DVTFoundation/FileTypes/DVTFileDataTypeDetection.m:79
Details:  detectedTypeIdentifier (com.apple.binary-property-list) does not conform to matchedTypeIdentifier in MagicFileDataTypeDetector extenson com.apple.property-list. When both are specified, this conformance is required unless overridden by setting allowNonInheritance. extension.identifier:Xcode.MagicFileDataTypeDetector.BinaryPlist
Object:   <DVTFileDataTypeDetectionMagicCache: 0x8d85a1740>
Method:   -initWithExtension:
Thread:   <_NSMainThread: 0x102aae3f0>{number = 1, name = main}
Please file a bug at https://feedbackassistant.apple.com with this warning message and any useful information you can provide.
2026-03-03 14:53:01.920 xcodebuild[3147:16361712] [MT] DVTAssertions: Warning in DVTFrameworks/DVTFoundation/FileTypes/DVTFileDataTypeDetection.m:79
Details:  detectedTypeIdentifier (com.apple.xml-property-list) does not conform to matchedTypeIdentifier in MagicFileDataTypeDetector extenson com.apple.property-list. When both are specified, this conformance is required unless overridden by setting allowNonInheritance. extension.identifier:Xcode.MagicFileDataTypeDetector.XMLPlist
Object:   <DVTFileDataTypeDetectionMagicCache: 0x8d85a3f60>
Method:   -initWithExtension:
Thread:   <_NSMainThread: 0x102aae3f0>{number = 1, name = main}
Please file a bug at https://feedbackassistant.apple.com with this warning message and any useful information you can provide.
[-[SimServiceContext initWithDeveloperDir:connectionType:error:]:450] WARN  : Unable to discover any Simulator runtimes. Developer Directory is /Applications/Xcode.app/Contents/Developer.
[-[SimDiskImageManager init]:175] ERROR : Could not kickstart simdiskimaged; SimDiskImageManager services will not be available: Error Domain=NSPOSIXErrorDomain Code=53 "Software caused connection abort" UserInfo={NSLocalizedDescription=Error returned in reply from CoreSimulatorService: Connection invalid}
[-[SimDiskImageManager _onQueue_checkConnection:]:239] ERROR : simdiskimaged returned error (invalid), marking disconnected.
[-[SimDiskImageManager _onQueue_checkConnection:]:239] ERROR : simdiskimaged returned error (invalid), marking disconnected.
[-[SimServiceContext initWithDeveloperDir:connectionType:error:]_block_invoke:486] ERROR : Could not get list of trusted mount directories: Error Domain=com.apple.CoreSimulator.SimError Code=410 "The service used to manage runtime disk images (simdiskimaged) crashed or is not responding" UserInfo={NSLocalizedDescription=The service used to manage runtime disk images (simdiskimaged) crashed or is not responding}
[-[SimServiceContext sendRequest:reply:error:]:1763] ERROR : Unable to deliver request ({
    request = "notification_subscription";
    "set_path" = "/Users/young/Library/Developer/CoreSimulator/Devices";
}) because we are not connected to CoreSimulatorService.
2026-03-03 14:53:01.933 xcodebuild[3147:16361755] Error Domain=NSPOSIXErrorDomain Code=61 "Connection refused" UserInfo={NSLocalizedDescription=CoreSimulatorService connection became invalid.  Simulator services will no longer be available.}
[-[SimServiceContext sendRequest:reply:error:]:1763] ERROR : Unable to deliver request ({
    request = "notification_subscription";
    "set_path" = "/Users/young/Library/Developer/CoreSimulator/Devices";
}) because we are not connected to CoreSimulatorService.
2026-03-03 14:53:01.935 xcodebuild[3147:16361755]  iOSSimulator: [SimServiceContext defaultDeviceSetWithError:] returned nil (Error Domain=NSPOSIXErrorDomain Code=61 "Connection refused" UserInfo={NSLocalizedFailureReason=Failed to subscribe to notifications from CoreSimulatorService., NSLocalizedDescription=Failed to initialize simulator device set., NSUnderlyingError=0x8d8d39440 {Error Domain=NSPOSIXErrorDomain Code=61 "Connection refused" UserInfo={NSLocalizedDescription=CoreSimulatorService connection became invalid.  Simulator services will no longer be available.}}}). Simulator device support disabled.
2026-03-03 14:53:01.935 xcodebuild[3147:16361716] Error Domain=NSPOSIXErrorDomain Code=61 "Connection refused" UserInfo={NSLocalizedDescription=CoreSimulatorService connection became invalid.  Simulator services will no longer be available.}
2026-03-03 14:53:01.935 xcodebuild[3147:16361716]  IDESimulatorAvailability: startObservingSimulatorUpdates() FAILED to register SimDeviceSet observer
2026-03-03 14:53:01.994 xcodebuild[3147:16361717]  DVTProvisioningProfileManager: Failed to load profile "/Users/young/Library/Developer/Xcode/UserData/Provisioning Profiles/b6341bc6-8d0a-4895-b00d-0f65f2ed08db.mobileprovision" (Error Domain=DVTProvisioningProfileProviderErrorDomain Code=1 "Failed to load profile." UserInfo={NSLocalizedDescription=Failed to load profile., NSLocalizedRecoverySuggestion=Profile is missing the required UUID property.})
2026-03-03 14:53:02.155 xcodebuild[3147:16361712] [MT] IDERunDestination: Supported platforms for the buildables in the current scheme is empty.
ComputePackagePrebuildTargetDependencyGraph

Prepare packages

CreateBuildRequest

SendProjectDescription

CreateBuildOperation

ComputeTargetDependencyGraph
note: Building targets in dependency order
note: Target dependency graph (1 target)
    Target 'readytoorder' in project 'readytoorder' (no dependencies)

GatherProvisioningInputs

CreateBuildDescription

ExecuteExternalTool /Applications/Xcode.app/Contents/Developer/Toolchains/XcodeDefault.xctoolchain/usr/bin/clang -v -E -dM -isysroot /Applications/Xcode.app/Contents/Developer/Platforms/iPhoneOS.platform/Developer/SDKs/iPhoneOS26.2.sdk -x c -c /dev/null

ExecuteExternalTool /Applications/Xcode.app/Contents/Developer/usr/bin/actool --print-asset-tag-combinations --output-format xml1 /Users/young/Coding/development/readytoorder/readytoorder/Assets.xcassets

ExecuteExternalTool /Applications/Xcode.app/Contents/Developer/usr/bin/actool --version --output-format xml1

ExecuteExternalTool /Applications/Xcode.app/Contents/Developer/Toolchains/XcodeDefault.xctoolchain/usr/bin/swiftc --version

ExecuteExternalTool /Applications/Xcode.app/Contents/Developer/Toolchains/XcodeDefault.xctoolchain/usr/bin/ld -version_details

Build description signature: fe0be29a2b9dc26888412cb4487d2d2f
Build description path: /Users/young/Coding/development/readytoorder/.deriveddata/Build/Intermediates.noindex/XCBuildData/fe0be29a2b9dc26888412cb4487d2d2f.xcbuilddata
ClangStatCache /Applications/Xcode.app/Contents/Developer/Toolchains/XcodeDefault.xctoolchain/usr/bin/clang-stat-cache /Applications/Xcode.app/Contents/Developer/Platforms/iPhoneOS.platform/Developer/SDKs/iPhoneOS26.2.sdk /Users/young/Coding/development/readytoorder/.deriveddata/SDKStatCaches.noindex/iphoneos26.2-23C57-3794476bd08197c3e2abd9bb477ef7f7.sdkstatcache
    cd /Users/young/Coding/development/readytoorder/readytoorder.xcodeproj
    /Applications/Xcode.app/Contents/Developer/Toolchains/XcodeDefault.xctoolchain/usr/bin/clang-stat-cache /Applications/Xcode.app/Contents/Developer/Platforms/iPhoneOS.platform/Developer/SDKs/iPhoneOS26.2.sdk -o /Users/young/Coding/development/readytoorder/.deriveddata/SDKStatCaches.noindex/iphoneos26.2-23C57-3794476bd08197c3e2abd9bb477ef7f7.sdkstatcache

CreateBuildDirectory /Users/young/Coding/development/readytoorder/.deriveddata/Build/Products/Debug-iphoneos
    cd /Users/young/Coding/development/readytoorder/readytoorder.xcodeproj
    builtin-create-build-directory /Users/young/Coding/development/readytoorder/.deriveddata/Build/Products/Debug-iphoneos

CreateBuildDirectory /Users/young/Coding/development/readytoorder/.deriveddata/Build/Intermediates.noindex/EagerLinkingTBDs/Debug-iphoneos
    cd /Users/young/Coding/development/readytoorder/readytoorder.xcodeproj
    builtin-create-build-directory /Users/young/Coding/development/readytoorder/.deriveddata/Build/Intermediates.noindex/EagerLinkingTBDs/Debug-iphoneos

WriteAuxiliaryFile /Users/young/Coding/development/readytoorder/.deriveddata/Build/Intermediates.noindex/readytoorder.build/Debug-iphoneos/readytoorder-27c25585b1010892e9a707a3bca80156-VFS-iphoneos/all-product-headers.yaml
    cd /Users/young/Coding/development/readytoorder/readytoorder.xcodeproj
    write-file /Users/young/Coding/development/readytoorder/.deriveddata/Build/Intermediates.noindex/readytoorder.build/Debug-iphoneos/readytoorder-27c25585b1010892e9a707a3bca80156-VFS-iphoneos/all-product-headers.yaml

WriteAuxiliaryFile /Users/young/Coding/development/readytoorder/.deriveddata/Build/Intermediates.noindex/readytoorder.build/Debug-iphoneos/readytoorder.build/readytoorder-own-target-headers.hmap (in target 'readytoorder' from project 'readytoorder')
    cd /Users/young/Coding/development/readytoorder
    write-file /Users/young/Coding/development/readytoorder/.deriveddata/Build/Intermediates.noindex/readytoorder.build/Debug-iphoneos/readytoorder.build/readytoorder-own-target-headers.hmap

WriteAuxiliaryFile /Users/young/Coding/development/readytoorder/.deriveddata/Build/Intermediates.noindex/readytoorder.build/Debug-iphoneos/readytoorder.build/readytoorder.hmap (in target 'readytoorder' from project 'readytoorder')
    cd /Users/young/Coding/development/readytoorder
    write-file /Users/young/Coding/development/readytoorder/.deriveddata/Build/Intermediates.noindex/readytoorder.build/Debug-iphoneos/readytoorder.build/readytoorder.hmap

WriteAuxiliaryFile /Users/young/Coding/development/readytoorder/.deriveddata/Build/Intermediates.noindex/readytoorder.build/Debug-iphoneos/readytoorder.build/readytoorder-project-headers.hmap (in target 'readytoorder' from project 'readytoorder')
    cd /Users/young/Coding/development/readytoorder
    write-file /Users/young/Coding/development/readytoorder/.deriveddata/Build/Intermediates.noindex/readytoorder.build/Debug-iphoneos/readytoorder.build/readytoorder-project-headers.hmap

WriteAuxiliaryFile /Users/young/Coding/development/readytoorder/.deriveddata/Build/Intermediates.noindex/readytoorder.build/Debug-iphoneos/readytoorder.build/readytoorder.DependencyStaticMetadataFileList (in target 'readytoorder' from project 'readytoorder')
    cd /Users/young/Coding/development/readytoorder
    write-file /Users/young/Coding/development/readytoorder/.deriveddata/Build/Intermediates.noindex/readytoorder.build/Debug-iphoneos/readytoorder.build/readytoorder.DependencyStaticMetadataFileList

WriteAuxiliaryFile /Users/young/Coding/development/readytoorder/.deriveddata/Build/Intermediates.noindex/readytoorder.build/Debug-iphoneos/readytoorder.build/readytoorder-generated-files.hmap (in target 'readytoorder' from project 'readytoorder')
    cd /Users/young/Coding/development/readytoorder
    write-file /Users/young/Coding/development/readytoorder/.deriveddata/Build/Intermediates.noindex/readytoorder.build/Debug-iphoneos/readytoorder.build/readytoorder-generated-files.hmap

WriteAuxiliaryFile /Users/young/Coding/development/readytoorder/.deriveddata/Build/Intermediates.noindex/readytoorder.build/Debug-iphoneos/readytoorder.build/readytoorder.DependencyMetadataFileList (in target 'readytoorder' from project 'readytoorder')
    cd /Users/young/Coding/development/readytoorder
    write-file /Users/young/Coding/development/readytoorder/.deriveddata/Build/Intermediates.noindex/readytoorder.build/Debug-iphoneos/readytoorder.build/readytoorder.DependencyMetadataFileList

WriteAuxiliaryFile /Users/young/Coding/development/readytoorder/.deriveddata/Build/Intermediates.noindex/readytoorder.build/Debug-iphoneos/readytoorder.build/readytoorder-all-non-framework-target-headers.hmap (in target 'readytoorder' from project 'readytoorder')
    cd /Users/young/Coding/development/readytoorder
    write-file /Users/young/Coding/development/readytoorder/.deriveddata/Build/Intermediates.noindex/readytoorder.build/Debug-iphoneos/readytoorder.build/readytoorder-all-non-framework-target-headers.hmap

WriteAuxiliaryFile /Users/young/Coding/development/readytoorder/.deriveddata/Build/Intermediates.noindex/readytoorder.build/Debug-iphoneos/readytoorder.build/readytoorder-DebugDylibPath-normal-arm64.txt (in target 'readytoorder' from project 'readytoorder')
    cd /Users/young/Coding/development/readytoorder
    write-file /Users/young/Coding/development/readytoorder/.deriveddata/Build/Intermediates.noindex/readytoorder.build/Debug-iphoneos/readytoorder.build/readytoorder-DebugDylibPath-normal-arm64.txt

WriteAuxiliaryFile /Users/young/Coding/development/readytoorder/.deriveddata/Build/Intermediates.noindex/readytoorder.build/Debug-iphoneos/readytoorder.build/readytoorder-all-target-headers.hmap (in target 'readytoorder' from project 'readytoorder')
    cd /Users/young/Coding/development/readytoorder
    write-file /Users/young/Coding/development/readytoorder/.deriveddata/Build/Intermediates.noindex/readytoorder.build/Debug-iphoneos/readytoorder.build/readytoorder-all-target-headers.hmap

WriteAuxiliaryFile /Users/young/Coding/development/readytoorder/.deriveddata/Build/Intermediates.noindex/readytoorder.build/Debug-iphoneos/readytoorder.build/readytoorder-DebugDylibInstallName-normal-arm64.txt (in target 'readytoorder' from project 'readytoorder')
    cd /Users/young/Coding/development/readytoorder
    write-file /Users/young/Coding/development/readytoorder/.deriveddata/Build/Intermediates.noindex/readytoorder.build/Debug-iphoneos/readytoorder.build/readytoorder-DebugDylibInstallName-normal-arm64.txt

WriteAuxiliaryFile /Users/young/Coding/development/readytoorder/.deriveddata/Build/Intermediates.noindex/readytoorder.build/Debug-iphoneos/readytoorder.build/empty-readytoorder.plist (in target 'readytoorder' from project 'readytoorder')
    cd /Users/young/Coding/development/readytoorder
    write-file /Users/young/Coding/development/readytoorder/.deriveddata/Build/Intermediates.noindex/readytoorder.build/Debug-iphoneos/readytoorder.build/empty-readytoorder.plist

WriteAuxiliaryFile /Users/young/Coding/development/readytoorder/.deriveddata/Build/Intermediates.noindex/readytoorder.build/Debug-iphoneos/readytoorder.build/Objects-normal/arm64/readytoorder.SwiftConstValuesFileList (in target 'readytoorder' from project 'readytoorder')
    cd /Users/young/Coding/development/readytoorder
    write-file /Users/young/Coding/development/readytoorder/.deriveddata/Build/Intermediates.noindex/readytoorder.build/Debug-iphoneos/readytoorder.build/Objects-normal/arm64/readytoorder.SwiftConstValuesFileList

WriteAuxiliaryFile /Users/young/Coding/development/readytoorder/.deriveddata/Build/Intermediates.noindex/readytoorder.build/Debug-iphoneos/readytoorder.build/Objects-normal/arm64/readytoorder_const_extract_protocols.json (in target 'readytoorder' from project 'readytoorder')
    cd /Users/young/Coding/development/readytoorder
    write-file /Users/young/Coding/development/readytoorder/.deriveddata/Build/Intermediates.noindex/readytoorder.build/Debug-iphoneos/readytoorder.build/Objects-normal/arm64/readytoorder_const_extract_protocols.json

WriteAuxiliaryFile /Users/young/Coding/development/readytoorder/.deriveddata/Build/Intermediates.noindex/readytoorder.build/Debug-iphoneos/readytoorder.build/Objects-normal/arm64/readytoorder.SwiftFileList (in target 'readytoorder' from project 'readytoorder')
    cd /Users/young/Coding/development/readytoorder
    write-file /Users/young/Coding/development/readytoorder/.deriveddata/Build/Intermediates.noindex/readytoorder.build/Debug-iphoneos/readytoorder.build/Objects-normal/arm64/readytoorder.SwiftFileList

WriteAuxiliaryFile /Users/young/Coding/development/readytoorder/.deriveddata/Build/Intermediates.noindex/readytoorder.build/Debug-iphoneos/readytoorder.build/Objects-normal/arm64/readytoorder.LinkFileList (in target 'readytoorder' from project 'readytoorder')
    cd /Users/young/Coding/development/readytoorder
    write-file /Users/young/Coding/development/readytoorder/.deriveddata/Build/Intermediates.noindex/readytoorder.build/Debug-iphoneos/readytoorder.build/Objects-normal/arm64/readytoorder.LinkFileList

WriteAuxiliaryFile /Users/young/Coding/development/readytoorder/.deriveddata/Build/Intermediates.noindex/readytoorder.build/Debug-iphoneos/readytoorder.build/Objects-normal/arm64/readytoorder-OutputFileMap.json (in target 'readytoorder' from project 'readytoorder')
    cd /Users/young/Coding/development/readytoorder
    write-file /Users/young/Coding/development/readytoorder/.deriveddata/Build/Intermediates.noindex/readytoorder.build/Debug-iphoneos/readytoorder.build/Objects-normal/arm64/readytoorder-OutputFileMap.json

MkDir /Users/young/Coding/development/readytoorder/.deriveddata/Build/Products/Debug-iphoneos/readytoorder.app (in target 'readytoorder' from project 'readytoorder')
    cd /Users/young/Coding/development/readytoorder
    /bin/mkdir -p /Users/young/Coding/development/readytoorder/.deriveddata/Build/Products/Debug-iphoneos/readytoorder.app

Ld /Users/young/Coding/development/readytoorder/.deriveddata/Build/Products/Debug-iphoneos/readytoorder.app/__preview.dylib normal (in target 'readytoorder' from project 'readytoorder')
    cd /Users/young/Coding/development/readytoorder
    /Applications/Xcode.app/Contents/Developer/Toolchains/XcodeDefault.xctoolchain/usr/bin/clang -Xlinker -reproducible -target arm64-apple-ios17.0 -dynamiclib -isysroot /Applications/Xcode.app/Contents/Developer/Platforms/iPhoneOS.platform/Developer/SDKs/iPhoneOS26.2.sdk -O0 -L/Users/young/Coding/development/readytoorder/.deriveddata/Build/Products/Debug-iphoneos -F/Users/young/Coding/development/readytoorder/.deriveddata/Build/Products/Debug-iphoneos -install_name @rpath/readytoorder.debug.dylib -dead_strip -rdynamic -Xlinker -no_deduplicate -Xlinker -debug_variant -Xlinker -dependency_info -Xlinker /Users/young/Coding/development/readytoorder/.deriveddata/Build/Intermediates.noindex/readytoorder.build/Debug-iphoneos/readytoorder.build/Objects-normal/arm64/readytoorder_dependency_info.dat -o /Users/young/Coding/development/readytoorder/.deriveddata/Build/Products/Debug-iphoneos/readytoorder.app/__preview.dylib

MkDir /Users/young/Coding/development/readytoorder/.deriveddata/Build/Intermediates.noindex/readytoorder.build/Debug-iphoneos/readytoorder.build/assetcatalog_output/thinned (in target 'readytoorder' from project 'readytoorder')
    cd /Users/young/Coding/development/readytoorder
    /bin/mkdir -p /Users/young/Coding/development/readytoorder/.deriveddata/Build/Intermediates.noindex/readytoorder.build/Debug-iphoneos/readytoorder.build/assetcatalog_output/thinned

MkDir /Users/young/Coding/development/readytoorder/.deriveddata/Build/Intermediates.noindex/readytoorder.build/Debug-iphoneos/readytoorder.build/assetcatalog_output/unthinned (in target 'readytoorder' from project 'readytoorder')
    cd /Users/young/Coding/development/readytoorder
    /bin/mkdir -p /Users/young/Coding/development/readytoorder/.deriveddata/Build/Intermediates.noindex/readytoorder.build/Debug-iphoneos/readytoorder.build/assetcatalog_output/unthinned

GenerateAssetSymbols /Users/young/Coding/development/readytoorder/readytoorder/Assets.xcassets (in target 'readytoorder' from project 'readytoorder')
    cd /Users/young/Coding/development/readytoorder
    /Applications/Xcode.app/Contents/Developer/usr/bin/actool /Users/young/Coding/development/readytoorder/readytoorder/Assets.xcassets --compile /Users/young/Coding/development/readytoorder/.deriveddata/Build/Products/Debug-iphoneos/readytoorder.app --output-format human-readable-text --notices --warnings --export-dependency-info /Users/young/Coding/development/readytoorder/.deriveddata/Build/Intermediates.noindex/readytoorder.build/Debug-iphoneos/readytoorder.build/assetcatalog_dependencies --output-partial-info-plist /Users/young/Coding/development/readytoorder/.deriveddata/Build/Intermediates.noindex/readytoorder.build/Debug-iphoneos/readytoorder.build/assetcatalog_generated_info.plist --app-icon AppIcon --accent-color AccentColor --compress-pngs --enable-on-demand-resources YES --development-region en --target-device iphone --minimum-deployment-target 17.0 --platform iphoneos --bundle-identifier yng314.readytoorder --generate-swift-asset-symbols /Users/young/Coding/development/readytoorder/.deriveddata/Build/Intermediates.noindex/readytoorder.build/Debug-iphoneos/readytoorder.build/DerivedSources/GeneratedAssetSymbols.swift --generate-objc-asset-symbols /Users/young/Coding/development/readytoorder/.deriveddata/Build/Intermediates.noindex/readytoorder.build/Debug-iphoneos/readytoorder.build/DerivedSources/GeneratedAssetSymbols.h --generate-asset-symbol-index /Users/young/Coding/development/readytoorder/.deriveddata/Build/Intermediates.noindex/readytoorder.build/Debug-iphoneos/readytoorder.build/DerivedSources/GeneratedAssetSymbols-Index.plist
2026-03-03 14:53:05.682 ibtoold[3168:16361921] CoreSimulatorService connection became invalid.  Simulator services will no longer be available.
2026-03-03 14:53:05.683 ibtoold[3168:16361946] Logging connecton invalid: <OS_xpc_error: <dictionary: 0x1f4e303d0> { count = 1, transaction: 0, voucher = 0x0, contents =
	"XPCErrorDescription" => <string: 0x1f4e30518> { string cache = 0x0, length = 18, contents = "Connection invalid" }
}>
2026-03-03 14:53:05.683 ibtoold[3168:16361921] Error opening log file (/Users/young/Library/Logs/CoreSimulator/CoreSimulator.com.apple.ibtool.log): Operation not permitted
[-[SimServiceContext sendRequest:]:1743] ERROR : Unable to deliver request ({
    "developer_dir" = "/Applications/Xcode.app/Contents/Developer";
    request = "set_developer_dir";
}) because we are not connected to CoreSimulatorService.
[-[SimServiceContext initWithDeveloperDir:connectionType:error:]:450] WARN  : Unable to discover any Simulator runtimes. Developer Directory is /Applications/Xcode.app/Contents/Developer.
[-[SimDiskImageManager init]:175] ERROR : Could not kickstart simdiskimaged; SimDiskImageManager services will not be available: Error Domain=NSPOSIXErrorDomain Code=53 "Software caused connection abort" UserInfo={NSLocalizedDescription=Error returned in reply from CoreSimulatorService: Connection invalid}
[-[SimDiskImageManager _onQueue_checkConnection:]:239] ERROR : simdiskimaged returned error (invalid), marking disconnected.
[-[SimDiskImageManager _onQueue_checkConnection:]:239] ERROR : simdiskimaged returned error (invalid), marking disconnected.
[-[SimServiceContext initWithDeveloperDir:connectionType:error:]_block_invoke:486] ERROR : Could not get list of trusted mount directories: Error Domain=com.apple.CoreSimulator.SimError Code=410 "The service used to manage runtime disk images (simdiskimaged) crashed or is not responding" UserInfo={NSLocalizedDescription=The service used to manage runtime disk images (simdiskimaged) crashed or is not responding}
[-[SimServiceContext sendRequest:reply:error:]:1763] ERROR : Unable to deliver request ({
    request = "notification_subscription";
    "set_path" = "/Users/young/Library/Developer/CoreSimulator/Devices";
}) because we are not connected to CoreSimulatorService.
2026-03-03 14:53:05.762 ibtoold[3168:16361920] Error Domain=NSPOSIXErrorDomain Code=61 "Connection refused" UserInfo={NSLocalizedDescription=CoreSimulatorService connection became invalid.  Simulator services will no longer be available.}
/* com.apple.actool.compilation-results */
/Users/young/Coding/development/readytoorder/.deriveddata/Build/Intermediates.noindex/readytoorder.build/Debug-iphoneos/readytoorder.build/DerivedSources/GeneratedAssetSymbols-Index.plist
/Users/young/Coding/development/readytoorder/.deriveddata/Build/Intermediates.noindex/readytoorder.build/Debug-iphoneos/readytoorder.build/DerivedSources/GeneratedAssetSymbols.h
/Users/young/Coding/development/readytoorder/.deriveddata/Build/Intermediates.noindex/readytoorder.build/Debug-iphoneos/readytoorder.build/DerivedSources/GeneratedAssetSymbols.swift


CompileAssetCatalogVariant thinned /Users/young/Coding/development/readytoorder/.deriveddata/Build/Products/Debug-iphoneos/readytoorder.app /Users/young/Coding/development/readytoorder/readytoorder/Assets.xcassets (in target 'readytoorder' from project 'readytoorder')
    cd /Users/young/Coding/development/readytoorder
    /Applications/Xcode.app/Contents/Developer/usr/bin/actool /Users/young/Coding/development/readytoorder/readytoorder/Assets.xcassets --compile /Users/young/Coding/development/readytoorder/.deriveddata/Build/Intermediates.noindex/readytoorder.build/Debug-iphoneos/readytoorder.build/assetcatalog_output/thinned --output-format human-readable-text --notices --warnings --export-dependency-info /Users/young/Coding/development/readytoorder/.deriveddata/Build/Intermediates.noindex/readytoorder.build/Debug-iphoneos/readytoorder.build/assetcatalog_dependencies_thinned --output-partial-info-plist /Users/young/Coding/development/readytoorder/.deriveddata/Build/Intermediates.noindex/readytoorder.build/Debug-iphoneos/readytoorder.build/assetcatalog_generated_info.plist_thinned --app-icon AppIcon --accent-color AccentColor --compress-pngs --enable-on-demand-resources YES --development-region en --target-device iphone --minimum-deployment-target 17.0 --platform iphoneos
2026-03-03 14:53:05.678 ibtoold[3171:16361922] CoreSimulatorService connection became invalid.  Simulator services will no longer be available.
2026-03-03 14:53:05.679 ibtoold[3171:16361945] Logging connecton invalid: <OS_xpc_error: <dictionary: 0x1f4e303d0> { count = 1, transaction: 0, voucher = 0x0, contents =
	"XPCErrorDescription" => <string: 0x1f4e30518> { string cache = 0x0, length = 18, contents = "Connection invalid" }
}>
2026-03-03 14:53:05.679 ibtoold[3171:16361945] Error opening log file (/Users/young/Library/Logs/CoreSimulator/CoreSimulator.com.apple.ibtool.log): Operation not permitted
[-[SimServiceContext sendRequest:]:1743] ERROR : Unable to deliver request ({
    "developer_dir" = "/Applications/Xcode.app/Contents/Developer";
    request = "set_developer_dir";
}) because we are not connected to CoreSimulatorService.
[-[SimServiceContext initWithDeveloperDir:connectionType:error:]:450] WARN  : Unable to discover any Simulator runtimes. Developer Directory is /Applications/Xcode.app/Contents/Developer.
[-[SimDiskImageManager init]:175] ERROR : Could not kickstart simdiskimaged; SimDiskImageManager services will not be available: Error Domain=NSPOSIXErrorDomain Code=53 "Software caused connection abort" UserInfo={NSLocalizedDescription=Error returned in reply from CoreSimulatorService: Connection invalid}
[-[SimDiskImageManager _onQueue_checkConnection:]:219] ERROR : simdiskimaged connection is currently unavailable because connection became invalid
[-[SimServiceContext initWithDeveloperDir:connectionType:error:]_block_invoke:486] ERROR : Could not get list of trusted mount directories: Error Domain=com.apple.CoreSimulator.SimError Code=409 "Cannot talk to the service used to manage runtime disk images (simdiskimaged) because its launchd job is not registered or was unloaded" UserInfo={NSLocalizedDescription=Cannot talk to the service used to manage runtime disk images (simdiskimaged) because its launchd job is not registered or was unloaded}
[-[SimDiskImageManager _onQueue_checkConnection:]:219] ERROR : simdiskimaged connection is currently unavailable because connection became invalid
[-[SimServiceContext sendRequest:reply:error:]:1763] ERROR : Unable to deliver request ({
    request = "notification_subscription";
    "set_path" = "/Users/young/Library/Developer/CoreSimulator/Devices";
}) because we are not connected to CoreSimulatorService.
2026-03-03 14:53:05.764 ibtoold[3171:16361919] Error Domain=NSPOSIXErrorDomain Code=61 "Connection refused" UserInfo={NSLocalizedDescription=CoreSimulatorService connection became invalid.  Simulator services will no longer be available.}
[-[SimServiceContext sendRequest:]:1743] ERROR : Unable to deliver request ({
    "developer_dir" = "/Applications/Xcode.app/Contents/Developer";
    request = "set_developer_dir";
}) because we are not connected to CoreSimulatorService.
2026-03-03 14:53:06.089 ibtoold[3171:16361919] CoreSimulatorService connection became invalid.  Simulator services will no longer be available.
[-[SimServiceContext initWithDeveloperDir:connectionType:error:]:450] WARN  : Unable to discover any Simulator runtimes. Developer Directory is /Applications/Xcode.app/Contents/Developer.
[-[SimDiskImageManager _onQueue_checkConnection:]:219] ERROR : simdiskimaged connection is currently unavailable because connection became invalid
[-[SimServiceContext initWithDeveloperDir:connectionType:error:]_block_invoke:486] ERROR : Could not get list of trusted mount directories: Error Domain=com.apple.CoreSimulator.SimError Code=409 "Cannot talk to the service used to manage runtime disk images (simdiskimaged) because its launchd job is not registered or was unloaded" UserInfo={NSLocalizedDescription=Cannot talk to the service used to manage runtime disk images (simdiskimaged) because its launchd job is not registered or was unloaded}
[-[SimServiceContext sendRequest:]:1743] ERROR : Unable to deliver request ({
    path = "/Applications/Xcode.app/Contents/Developer/Platforms/AppleTVSimulator.platform/Developer/Library/Xcode/PrivatePlugIns/IDEInterfaceBuilderAppleTVIntegration.framework/Resources";
    request = "add_profiles";
}) because we are not connected to CoreSimulatorService.
[-[SimServiceContext sendRequest:]:1743] ERROR : Unable to deliver request ({
    path = "/Applications/Xcode.app/Contents/PlugIns/IDEInterfaceBuilderiOSIntegration.ideplugin/Contents/Resources";
    request = "add_profiles";
}) because we are not connected to CoreSimulatorService.
/* com.apple.actool.errors */
/Users/young/Coding/development/readytoorder/readytoorder/Assets.xcassets: error: No available simulator runtimes for platform iphonesimulator. SimServiceContext supportedRuntimes=[]
/* com.apple.actool.compilation-results */
/Users/young/Coding/development/readytoorder/.deriveddata/Build/Intermediates.noindex/readytoorder.build/Debug-iphoneos/readytoorder.build/assetcatalog_generated_info.plist_thinned
/Users/young/Coding/development/readytoorder/.deriveddata/Build/Intermediates.noindex/readytoorder.build/Debug-iphoneos/readytoorder.build/assetcatalog_output/thinned/AppIcon60x60@2x.png
/Users/young/Coding/development/readytoorder/.deriveddata/Build/Intermediates.noindex/readytoorder.build/Debug-iphoneos/readytoorder.build/assetcatalog_output/thinned/AppIcon76x76@2x~ipad.png


SwiftDriver readytoorder normal arm64 com.apple.xcode.tools.swift.compiler (in target 'readytoorder' from project 'readytoorder')
    cd /Users/young/Coding/development/readytoorder
    builtin-SwiftDriver -- /Applications/Xcode.app/Contents/Developer/Toolchains/XcodeDefault.xctoolchain/usr/bin/swiftc -module-name readytoorder -Onone -enforce-exclusivity\=checked @/Users/young/Coding/development/readytoorder/.deriveddata/Build/Intermediates.noindex/readytoorder.build/Debug-iphoneos/readytoorder.build/Objects-normal/arm64/readytoorder.SwiftFileList -DDEBUG -default-isolation\=MainActor -enable-bare-slash-regex -enable-upcoming-feature DisableOutwardActorInference -enable-upcoming-feature InferSendableFromCaptures -enable-upcoming-feature GlobalActorIsolatedTypesUsability -enable-upcoming-feature MemberImportVisibility -enable-upcoming-feature InferIsolatedConformances -enable-upcoming-feature NonisolatedNonsendingByDefault -enable-experimental-feature DebugDescriptionMacro -sdk /Applications/Xcode.app/Contents/Developer/Platforms/iPhoneOS.platform/Developer/SDKs/iPhoneOS26.2.sdk -target arm64-apple-ios17.0 -g -module-cache-path /Users/young/Coding/development/readytoorder/.deriveddata/ModuleCache.noindex -Xfrontend -serialize-debugging-options -profile-coverage-mapping -profile-generate -enable-testing -index-store-path /Users/young/Coding/development/readytoorder/.deriveddata/Index.noindex/DataStore -Xcc -D_LIBCPP_HARDENING_MODE\=_LIBCPP_HARDENING_MODE_DEBUG -swift-version 5 -I /Users/young/Coding/development/readytoorder/.deriveddata/Build/Products/Debug-iphoneos -F /Users/young/Coding/development/readytoorder/.deriveddata/Build/Products/Debug-iphoneos -emit-localized-strings -emit-localized-strings-path /Users/young/Coding/development/readytoorder/.deriveddata/Build/Intermediates.noindex/readytoorder.build/Debug-iphoneos/readytoorder.build/Objects-normal/arm64 -c -j10 -enable-batch-mode -incremental -Xcc -ivfsstatcache -Xcc /Users/young/Coding/development/readytoorder/.deriveddata/SDKStatCaches.noindex/iphoneos26.2-23C57-3794476bd08197c3e2abd9bb477ef7f7.sdkstatcache -output-file-map /Users/young/Coding/development/readytoorder/.deriveddata/Build/Intermediates.noindex/readytoorder.build/Debug-iphoneos/readytoorder.build/Objects-normal/arm64/readytoorder-OutputFileMap.json -use-frontend-parseable-output -save-temps -no-color-diagnostics -explicit-module-build -module-cache-path /Users/young/Coding/development/readytoorder/.deriveddata/Build/Intermediates.noindex/SwiftExplicitPrecompiledModules -clang-scanner-module-cache-path /Users/young/Coding/development/readytoorder/.deriveddata/ModuleCache.noindex -sdk-module-cache-path /Users/young/Coding/development/readytoorder/.deriveddata/ModuleCache.noindex -serialize-diagnostics -emit-dependencies -emit-module -emit-module-path /Users/young/Coding/development/readytoorder/.deriveddata/Build/Intermediates.noindex/readytoorder.build/Debug-iphoneos/readytoorder.build/Objects-normal/arm64/readytoorder.swiftmodule -validate-clang-modules-once -clang-build-session-file /Users/young/Coding/development/readytoorder/.deriveddata/ModuleCache.noindex/Session.modulevalidation -Xcc -I/Users/young/Coding/development/readytoorder/.deriveddata/Build/Intermediates.noindex/readytoorder.build/Debug-iphoneos/readytoorder.build/swift-overrides.hmap -emit-const-values -Xfrontend -const-gather-protocols-file -Xfrontend /Users/young/Coding/development/readytoorder/.deriveddata/Build/Intermediates.noindex/readytoorder.build/Debug-iphoneos/readytoorder.build/Objects-normal/arm64/readytoorder_const_extract_protocols.json -Xcc -iquote -Xcc /Users/young/Coding/development/readytoorder/.deriveddata/Build/Intermediates.noindex/readytoorder.build/Debug-iphoneos/readytoorder.build/readytoorder-generated-files.hmap -Xcc -I/Users/young/Coding/development/readytoorder/.deriveddata/Build/Intermediates.noindex/readytoorder.build/Debug-iphoneos/readytoorder.build/readytoorder-own-target-headers.hmap -Xcc -I/Users/young/Coding/development/readytoorder/.deriveddata/Build/Intermediates.noindex/readytoorder.build/Debug-iphoneos/readytoorder.build/readytoorder-all-target-headers.hmap -Xcc -iquote -Xcc /Users/young/Coding/development/readytoorder/.deriveddata/Build/Intermediates.noindex/readytoorder.build/Debug-iphoneos/readytoorder.build/readytoorder-project-headers.hmap -Xcc -I/Users/young/Coding/development/readytoorder/.deriveddata/Build/Products/Debug-iphoneos/include -Xcc -I/Users/young/Coding/development/readytoorder/.deriveddata/Build/Intermediates.noindex/readytoorder.build/Debug-iphoneos/readytoorder.build/DerivedSources-normal/arm64 -Xcc -I/Users/young/Coding/development/readytoorder/.deriveddata/Build/Intermediates.noindex/readytoorder.build/Debug-iphoneos/readytoorder.build/DerivedSources/arm64 -Xcc -I/Users/young/Coding/development/readytoorder/.deriveddata/Build/Intermediates.noindex/readytoorder.build/Debug-iphoneos/readytoorder.build/DerivedSources -Xcc -DDEBUG\=1 -emit-objc-header -emit-objc-header-path /Users/young/Coding/development/readytoorder/.deriveddata/Build/Intermediates.noindex/readytoorder.build/Debug-iphoneos/readytoorder.build/Objects-normal/arm64/readytoorder-Swift.h -working-directory /Users/young/Coding/development/readytoorder -experimental-emit-module-separately -disable-cmo

** BUILD FAILED **


The following build commands failed:
	CompileAssetCatalogVariant thinned /Users/young/Coding/development/readytoorder/.deriveddata/Build/Products/Debug-iphoneos/readytoorder.app /Users/young/Coding/development/readytoorder/readytoorder/Assets.xcassets (in target 'readytoorder' from project 'readytoorder')
	Building project readytoorder with scheme readytoorder
(2 failures)
