Command line invocation:
    /Applications/Xcode.app/Contents/Developer/usr/bin/xcodebuild -scheme readytoorder -derivedDataPath /Users/young/Coding/development/readytoorder/.deriveddata -destination "generic/platform=iOS Simulator" build

2026-03-03 15:02:11.612 xcodebuild[66255:16769632] [MT] IDERunDestination: Supported platforms for the buildables in the current scheme is empty.
ComputePackagePrebuildTargetDependencyGraph

Prepare packages

CreateBuildRequest

SendProjectDescription

CreateBuildOperation

ComputeTargetDependencyGraph
note: Building targets in dependency order
note: Target dependency graph (1 target)
    Target 'readytoorder' in project 'readytoorder' (no dependencies)

GatherProvisioningInputs

CreateBuildDescription

ExecuteExternalTool /Applications/Xcode.app/Contents/Developer/Toolchains/XcodeDefault.xctoolchain/usr/bin/clang -v -E -dM -isysroot /Applications/Xcode.app/Contents/Developer/Platforms/iPhoneSimulator.platform/Developer/SDKs/iPhoneSimulator26.2.sdk -x c -c /dev/null

ExecuteExternalTool /Applications/Xcode.app/Contents/Developer/usr/bin/actool --print-asset-tag-combinations --output-format xml1 /Users/young/Coding/development/readytoorder/readytoorder/Assets.xcassets

ExecuteExternalTool /Applications/Xcode.app/Contents/Developer/usr/bin/actool --version --output-format xml1

ExecuteExternalTool /Applications/Xcode.app/Contents/Developer/Toolchains/XcodeDefault.xctoolchain/usr/bin/swiftc --version

ExecuteExternalTool /Applications/Xcode.app/Contents/Developer/Toolchains/XcodeDefault.xctoolchain/usr/bin/ld -version_details

Build description signature: 8ed0c63fe83ced7cf7ce19fa3da34e58
Build description path: /Users/young/Coding/development/readytoorder/.deriveddata/Build/Intermediates.noindex/XCBuildData/8ed0c63fe83ced7cf7ce19fa3da34e58.xcbuilddata
ClangStatCache /Applications/Xcode.app/Contents/Developer/Toolchains/XcodeDefault.xctoolchain/usr/bin/clang-stat-cache /Applications/Xcode.app/Contents/Developer/Platforms/iPhoneSimulator.platform/Developer/SDKs/iPhoneSimulator26.2.sdk /Users/young/Coding/development/readytoorder/.deriveddata/SDKStatCaches.noindex/iphonesimulator26.2-23C57-7d00a8b37fbd7999ea79df8ebc024bf0.sdkstatcache
    cd /Users/young/Coding/development/readytoorder/readytoorder.xcodeproj
    /Applications/Xcode.app/Contents/Developer/Toolchains/XcodeDefault.xctoolchain/usr/bin/clang-stat-cache /Applications/Xcode.app/Contents/Developer/Platforms/iPhoneSimulator.platform/Developer/SDKs/iPhoneSimulator26.2.sdk -o /Users/young/Coding/development/readytoorder/.deriveddata/SDKStatCaches.noindex/iphonesimulator26.2-23C57-7d00a8b37fbd7999ea79df8ebc024bf0.sdkstatcache

ProcessInfoPlistFile /Users/young/Coding/development/readytoorder/.deriveddata/Build/Products/Debug-iphonesimulator/readytoorder.app/Info.plist /Users/young/Coding/development/readytoorder/.deriveddata/Build/Intermediates.noindex/readytoorder.build/Debug-iphonesimulator/readytoorder.build/empty-readytoorder.plist (in target 'readytoorder' from project 'readytoorder')
    cd /Users/young/Coding/development/readytoorder
    builtin-infoPlistUtility /Users/young/Coding/development/readytoorder/.deriveddata/Build/Intermediates.noindex/readytoorder.build/Debug-iphonesimulator/readytoorder.build/empty-readytoorder.plist -producttype com.apple.product-type.application -genpkginfo /Users/young/Coding/development/readytoorder/.deriveddata/Build/Products/Debug-iphonesimulator/readytoorder.app/PkgInfo -expandbuildsettings -format binary -platform iphonesimulator -additionalcontentfile /Users/young/Coding/development/readytoorder/.deriveddata/Build/Intermediates.noindex/readytoorder.build/Debug-iphonesimulator/readytoorder.build/assetcatalog_generated_info.plist -o /Users/young/Coding/development/readytoorder/.deriveddata/Build/Products/Debug-iphonesimulator/readytoorder.app/Info.plist

CopySwiftLibs /Users/young/Coding/development/readytoorder/.deriveddata/Build/Products/Debug-iphonesimulator/readytoorder.app (in target 'readytoorder' from project 'readytoorder')
    cd /Users/young/Coding/development/readytoorder
    builtin-swiftStdLibTool --copy --verbose --sign - --scan-executable /Users/young/Coding/development/readytoorder/.deriveddata/Build/Products/Debug-iphonesimulator/readytoorder.app/readytoorder.debug.dylib --scan-folder /Users/young/Coding/development/readytoorder/.deriveddata/Build/Products/Debug-iphonesimulator/readytoorder.app/Frameworks --scan-folder /Users/young/Coding/development/readytoorder/.deriveddata/Build/Products/Debug-iphonesimulator/readytoorder.app/PlugIns --scan-folder /Users/young/Coding/development/readytoorder/.deriveddata/Build/Products/Debug-iphonesimulator/readytoorder.app/SystemExtensions --scan-folder /Users/young/Coding/development/readytoorder/.deriveddata/Build/Products/Debug-iphonesimulator/readytoorder.app/Extensions --platform iphonesimulator --toolchain /Applications/Xcode.app/Contents/Developer/Toolchains/XcodeDefault.xctoolchain --destination /Users/young/Coding/development/readytoorder/.deriveddata/Build/Products/Debug-iphonesimulator/readytoorder.app/Frameworks --strip-bitcode --strip-bitcode-tool /Applications/Xcode.app/Contents/Developer/Toolchains/XcodeDefault.xctoolchain/usr/bin/bitcode_strip --emit-dependency-info /Users/young/Coding/development/readytoorder/.deriveddata/Build/Intermediates.noindex/readytoorder.build/Debug-iphonesimulator/readytoorder.build/SwiftStdLibToolInputDependencies.dep --filter-for-swift-os --back-deploy-swift-span

** BUILD SUCCEEDED **

