2026-02-21 01:49:31.910 xcodebuild[967:5833922]  DVTFilePathFSEvents: Failed to start fs event stream.
2026-02-21 01:49:32.066 xcodebuild[967:5833917] [MT] DVTDeveloperPaths: Failed to get length of DARWIN_USER_CACHE_DIR from confstr(3), error = Error Domain=NSPOSIXErrorDomain Code=5 "Input/output error". Using NSCachesDirectory instead.
2026-02-21 01:49:32.388 xcodebuild[967:5833924] CoreSimulatorService connection became invalid.  Simulator services will no longer be available.
2026-02-21 01:49:32.388 xcodebuild[967:5833924] Logging connecton invalid: <OS_xpc_error: <dictionary: 0x1f4e303d0> { count = 1, transaction: 0, voucher = 0x0, contents =
	"XPCErrorDescription" => <string: 0x1f4e30518> { string cache = 0x0, length = 18, contents = "Connection invalid" }
}>
2026-02-21 01:49:32.389 xcodebuild[967:5833924] Error opening log file (/Users/young/Library/Logs/CoreSimulator/CoreSimulator.com.apple.dt.xcodebuild.log): Operation not permitted
[-[SimServiceContext sendRequest:]:1743] ERROR : Unable to deliver request ({
    "developer_dir" = "/Applications/Xcode.app/Contents/Developer";
    request = "set_developer_dir";
}) because we are not connected to CoreSimulatorService.
Command line invocation:
    /Applications/Xcode.app/Contents/Developer/usr/bin/xcodebuild -scheme readytoorder -destination generic/platform=iOS build

2026-02-21 01:49:32.441 xcodebuild[967:5833917] [MT] DVTAssertions: Warning in DVTFrameworks/DVTFoundation/FileTypes/DVTFileDataTypeDetection.m:79
Details:  detectedTypeIdentifier (com.apple.binary-property-list) does not conform to matchedTypeIdentifier in MagicFileDataTypeDetector extenson com.apple.property-list. When both are specified, this conformance is required unless overridden by setting allowNonInheritance. extension.identifier:Xcode.MagicFileDataTypeDetector.BinaryPlist
Object:   <DVTFileDataTypeDetectionMagicCache: 0xa9a954840>
Method:   -initWithExtension:
Thread:   <_NSMainThread: 0x1056c2350>{number = 1, name = main}
Please file a bug at https://feedbackassistant.apple.com with this warning message and any useful information you can provide.
2026-02-21 01:49:32.443 xcodebuild[967:5833917] [MT] DVTAssertions: Warning in DVTFrameworks/DVTFoundation/FileTypes/DVTFileDataTypeDetection.m:79
Details:  detectedTypeIdentifier (com.apple.xml-property-list) does not conform to matchedTypeIdentifier in MagicFileDataTypeDetector extenson com.apple.property-list. When both are specified, this conformance is required unless overridden by setting allowNonInheritance. extension.identifier:Xcode.MagicFileDataTypeDetector.XMLPlist
Object:   <DVTFileDataTypeDetectionMagicCache: 0xa99cfc8d0>
Method:   -initWithExtension:
Thread:   <_NSMainThread: 0x1056c2350>{number = 1, name = main}
Please file a bug at https://feedbackassistant.apple.com with this warning message and any useful information you can provide.
[-[SimServiceContext initWithDeveloperDir:connectionType:error:]:450] WARN  : Unable to discover any Simulator runtimes. Developer Directory is /Applications/Xcode.app/Contents/Developer.
[-[SimDiskImageManager init]:175] ERROR : Could not kickstart simdiskimaged; SimDiskImageManager services will not be available: Error Domain=NSPOSIXErrorDomain Code=53 "Software caused connection abort" UserInfo={NSLocalizedDescription=Error returned in reply from CoreSimulatorService: Connection invalid}
[-[SimDiskImageManager _onQueue_checkConnection:]:239] ERROR : simdiskimaged returned error (invalid), marking disconnected.
[-[SimDiskImageManager _onQueue_checkConnection:]:239] ERROR : simdiskimaged returned error (invalid), marking disconnected.
[-[SimServiceContext initWithDeveloperDir:connectionType:error:]_block_invoke:486] ERROR : Could not get list of trusted mount directories: Error Domain=com.apple.CoreSimulator.SimError Code=410 "The service used to manage runtime disk images (simdiskimaged) crashed or is not responding" UserInfo={NSLocalizedDescription=The service used to manage runtime disk images (simdiskimaged) crashed or is not responding}
[-[SimServiceContext sendRequest:reply:error:]:1763] ERROR : Unable to deliver request ({
    request = "notification_subscription";
    "set_path" = "/Users/young/Library/Developer/CoreSimulator/Devices";
}) because we are not connected to CoreSimulatorService.
2026-02-21 01:49:32.460 xcodebuild[967:5833922] Error Domain=NSPOSIXErrorDomain Code=61 "Connection refused" UserInfo={NSLocalizedDescription=CoreSimulatorService connection became invalid.  Simulator services will no longer be available.}
[-[SimServiceContext sendRequest:reply:error:]:1763] ERROR : Unable to deliver request ({
    request = "notification_subscription";
    "set_path" = "/Users/young/Library/Developer/CoreSimulator/Devices";
}) because we are not connected to CoreSimulatorService.
2026-02-21 01:49:32.462 xcodebuild[967:5833924] Error Domain=NSPOSIXErrorDomain Code=61 "Connection refused" UserInfo={NSLocalizedDescription=CoreSimulatorService connection became invalid.  Simulator services will no longer be available.}
2026-02-21 01:49:32.462 xcodebuild[967:5833922]  IDESimulatorAvailability: startObservingSimulatorUpdates() FAILED to register SimDeviceSet observer
2026-02-21 01:49:32.462 xcodebuild[967:5833924]  iOSSimulator: [SimServiceContext defaultDeviceSetWithError:] returned nil (Error Domain=NSPOSIXErrorDomain Code=61 "Connection refused" UserInfo={NSLocalizedFailureReason=Failed to subscribe to notifications from CoreSimulatorService., NSLocalizedDescription=Failed to initialize simulator device set., NSUnderlyingError=0xa99d3d5c0 {Error Domain=NSPOSIXErrorDomain Code=61 "Connection refused" UserInfo={NSLocalizedDescription=CoreSimulatorService connection became invalid.  Simulator services will no longer be available.}}}). Simulator device support disabled.
2026-02-21 01:49:32.507 xcodebuild[967:5833998]  DVTProvisioningProfileManager: Failed to load profile "/Users/young/Library/Developer/Xcode/UserData/Provisioning Profiles/56a48496-b44a-45f2-9f28-0ad9c3408827.mobileprovision" (Error Domain=DVTProvisioningProfileProviderErrorDomain Code=1 "Failed to load profile." UserInfo={NSLocalizedDescription=Failed to load profile., NSLocalizedRecoverySuggestion=Profile is missing the required UUID property.})
2026-02-21 01:49:32.658 xcodebuild[967:5833917] [MT] IDERunDestination: Supported platforms for the buildables in the current scheme is empty.
Build Preparation
Couldn't create workspace arena folder '/Users/young/Library/Developer/Xcode/DerivedData/readytoorder-cjeonfgvyvwicdfkficscndmjuhq': Unable to write to info file '<DVTFilePath:0xa99d19380:'/Users/young/Library/Developer/Xcode/DerivedData/readytoorder-cjeonfgvyvwicdfkficscndmjuhq/info.plist'>'.

** BUILD FAILED **


The following build commands failed:
	Building project readytoorder with scheme readytoorder
(1 failure)
2026-02-21 01:49:32.681 xcodebuild[967:5833998] Error saving log: Error Domain=NSPOSIXErrorDomain Code=1 "Operation not permitted" UserInfo={NSFilePath=/Users/young/Library/Developer/Xcode/DerivedData/readytoorder-cjeonfgvyvwicdfkficscndmjuhq/Logs/Build/EB018616-92CC-4F56-A437-491AA362D859.xcactivitylog, NSLocalizedDescription=Operation not permitted} | User info: {
    NSFilePath = "/Users/young/Library/Developer/Xcode/DerivedData/readytoorder-cjeonfgvyvwicdfkficscndmjuhq/Logs/Build/EB018616-92CC-4F56-A437-491AA362D859.xcactivitylog";
    NSLocalizedDescription = "Operation not permitted";
}
