2026-03-03 14:53:12.372 xcodebuild[3211:16362211]  DVTFilePathFSEvents: Failed to start fs event stream.
2026-03-03 14:53:12.546 xcodebuild[3211:16362207] [MT] DVTDeveloperPaths: Failed to get length of DARWIN_USER_CACHE_DIR from confstr(3), error = Error Domain=NSPOSIXErrorDomain Code=5 "Input/output error". Using NSCachesDirectory instead.
2026-03-03 14:53:12.859 xcodebuild[3211:16362212] CoreSimulatorService connection became invalid.  Simulator services will no longer be available.
2026-03-03 14:53:12.859 xcodebuild[3211:16362212] Logging connecton invalid: <OS_xpc_error: <dictionary: 0x1f4e303d0> { count = 1, transaction: 0, voucher = 0x0, contents =
	"XPCErrorDescription" => <string: 0x1f4e30518> { string cache = 0x0, length = 18, contents = "Connection invalid" }
}>
2026-03-03 14:53:12.860 xcodebuild[3211:16362212] Error opening log file (/Users/young/Library/Logs/CoreSimulator/CoreSimulator.com.apple.dt.xcodebuild.log): Operation not permitted
[-[SimServiceContext sendRequest:]:1743] ERROR : Unable to deliver request ({
    "developer_dir" = "/Applications/Xcode.app/Contents/Developer";
    request = "set_developer_dir";
}) because we are not connected to CoreSimulatorService.
Command line invocation:
    /Applications/Xcode.app/Contents/Developer/usr/bin/xcodebuild -scheme readytoorder -derivedDataPath .deriveddata -sdk iphoneos CODE_SIGNING_ALLOWED=NO build

Build settings from command line:
    CODE_SIGNING_ALLOWED = NO
    SDKROOT = iphoneos26.2

2026-03-03 14:53:12.911 xcodebuild[3211:16362207] [MT] DVTAssertions: Warning in DVTFrameworks/DVTFoundation/FileTypes/DVTFileDataTypeDetection.m:79
Details:  detectedTypeIdentifier (com.apple.binary-property-list) does not conform to matchedTypeIdentifier in MagicFileDataTypeDetector extenson com.apple.property-list. When both are specified, this conformance is required unless overridden by setting allowNonInheritance. extension.identifier:Xcode.MagicFileDataTypeDetector.BinaryPlist
Object:   <DVTFileDataTypeDetectionMagicCache: 0xb6094a910>
Method:   -initWithExtension:
Thread:   <_NSMainThread: 0x1029863f0>{number = 1, name = main}
Please file a bug at https://feedbackassistant.apple.com with this warning message and any useful information you can provide.
2026-03-03 14:53:12.912 xcodebuild[3211:16362207] [MT] DVTAssertions: Warning in DVTFrameworks/DVTFoundation/FileTypes/DVTFileDataTypeDetection.m:79
Details:  detectedTypeIdentifier (com.apple.xml-property-list) does not conform to matchedTypeIdentifier in MagicFileDataTypeDetector extenson com.apple.property-list. When both are specified, this conformance is required unless overridden by setting allowNonInheritance. extension.identifier:Xcode.MagicFileDataTypeDetector.XMLPlist
Object:   <DVTFileDataTypeDetectionMagicCache: 0xb6094b2a0>
Method:   -initWithExtension:
Thread:   <_NSMainThread: 0x1029863f0>{number = 1, name = main}
Please file a bug at https://feedbackassistant.apple.com with this warning message and any useful information you can provide.
[-[SimServiceContext initWithDeveloperDir:connectionType:error:]:450] WARN  : Unable to discover any Simulator runtimes. Developer Directory is /Applications/Xcode.app/Contents/Developer.
[-[SimDiskImageManager init]:175] ERROR : Could not kickstart simdiskimaged; SimDiskImageManager services will not be available: Error Domain=NSPOSIXErrorDomain Code=53 "Software caused connection abort" UserInfo={NSLocalizedDescription=Error returned in reply from CoreSimulatorService: Connection invalid}
[-[SimDiskImageManager _onQueue_checkConnection:]:239] ERROR : simdiskimaged returned error (invalid), marking disconnected.
[-[SimDiskImageManager _onQueue_checkConnection:]:239] ERROR : simdiskimaged returned error (invalid), marking disconnected.
[-[SimServiceContext initWithDeveloperDir:connectionType:error:]_block_invoke:486] ERROR : Could not get list of trusted mount directories: Error Domain=com.apple.CoreSimulator.SimError Code=410 "The service used to manage runtime disk images (simdiskimaged) crashed or is not responding" UserInfo={NSLocalizedDescription=The service used to manage runtime disk images (simdiskimaged) crashed or is not responding}
[-[SimServiceContext sendRequest:reply:error:]:1763] ERROR : Unable to deliver request ({
    request = "notification_subscription";
    "set_path" = "/Users/young/Library/Developer/CoreSimulator/Devices";
}) because we are not connected to CoreSimulatorService.
2026-03-03 14:53:12.927 xcodebuild[3211:16362212] Error Domain=NSPOSIXErrorDomain Code=61 "Connection refused" UserInfo={NSLocalizedDescription=CoreSimulatorService connection became invalid.  Simulator services will no longer be available.}
[-[SimServiceContext sendRequest:reply:error:]:1763] ERROR : Unable to deliver request ({
    request = "notification_subscription";
    "set_path" = "/Users/young/Library/Developer/CoreSimulator/Devices";
}) because we are not connected to CoreSimulatorService.
2026-03-03 14:53:12.929 xcodebuild[3211:16362212]  iOSSimulator: [SimServiceContext defaultDeviceSetWithError:] returned nil (Error Domain=NSPOSIXErrorDomain Code=61 "Connection refused" UserInfo={NSLocalizedFailureReason=Failed to subscribe to notifications from CoreSimulatorService., NSLocalizedDescription=Failed to initialize simulator device set., NSUnderlyingError=0xb60962070 {Error Domain=NSPOSIXErrorDomain Code=61 "Connection refused" UserInfo={NSLocalizedDescription=CoreSimulatorService connection became invalid.  Simulator services will no longer be available.}}}). Simulator device support disabled.
2026-03-03 14:53:12.929 xcodebuild[3211:16362211] Error Domain=NSPOSIXErrorDomain Code=61 "Connection refused" UserInfo={NSLocalizedDescription=CoreSimulatorService connection became invalid.  Simulator services will no longer be available.}
2026-03-03 14:53:12.929 xcodebuild[3211:16362211]  IDESimulatorAvailability: startObservingSimulatorUpdates() FAILED to register SimDeviceSet observer
2026-03-03 14:53:12.987 xcodebuild[3211:16362211]  DVTProvisioningProfileManager: Failed to load profile "/Users/young/Library/Developer/Xcode/UserData/Provisioning Profiles/b6341bc6-8d0a-4895-b00d-0f65f2ed08db.mobileprovision" (Error Domain=DVTProvisioningProfileProviderErrorDomain Code=1 "Failed to load profile." UserInfo={NSLocalizedDescription=Failed to load profile., NSLocalizedRecoverySuggestion=Profile is missing the required UUID property.})
2026-03-03 14:53:13.149 xcodebuild[3211:16362207] [MT] IDERunDestination: Supported platforms for the buildables in the current scheme is empty.
--- xcodebuild: WARNING: Using the first of multiple matching destinations:
{ platform:iOS, id:dvtdevice-DVTiPhonePlaceholder-iphoneos:placeholder, name:Any iOS Device }
{ platform:iOS Simulator, id:dvtdevice-DVTiOSDeviceSimulatorPlaceholder-iphonesimulator:placeholder, name:Any iOS Simulator Device }
ComputePackagePrebuildTargetDependencyGraph

Prepare packages

CreateBuildRequest

SendProjectDescription

CreateBuildOperation

ComputeTargetDependencyGraph
note: Building targets in dependency order
note: Target dependency graph (1 target)
    Target 'readytoorder' in project 'readytoorder' (no dependencies)

GatherProvisioningInputs

CreateBuildDescription

ExecuteExternalTool /Applications/Xcode.app/Contents/Developer/Toolchains/XcodeDefault.xctoolchain/usr/bin/clang -v -E -dM -isysroot /Applications/Xcode.app/Contents/Developer/Platforms/iPhoneOS.platform/Developer/SDKs/iPhoneOS26.2.sdk -x c -c /dev/null

ExecuteExternalTool /Applications/Xcode.app/Contents/Developer/usr/bin/actool --print-asset-tag-combinations --output-format xml1 /Users/young/Coding/development/readytoorder/readytoorder/Assets.xcassets

ExecuteExternalTool /Applications/Xcode.app/Contents/Developer/usr/bin/actool --version --output-format xml1

ExecuteExternalTool /Applications/Xcode.app/Contents/Developer/Toolchains/XcodeDefault.xctoolchain/usr/bin/swiftc --version

ExecuteExternalTool /Applications/Xcode.app/Contents/Developer/Toolchains/XcodeDefault.xctoolchain/usr/bin/ld -version_details

Build description signature: a3367d01412bade5268c5b0014dc59db
Build description path: /Users/young/Coding/development/readytoorder/.deriveddata/Build/Intermediates.noindex/XCBuildData/a3367d01412bade5268c5b0014dc59db.xcbuilddata
ClangStatCache /Applications/Xcode.app/Contents/Developer/Toolchains/XcodeDefault.xctoolchain/usr/bin/clang-stat-cache /Applications/Xcode.app/Contents/Developer/Platforms/iPhoneOS.platform/Developer/SDKs/iPhoneOS26.2.sdk /Users/young/Coding/development/readytoorder/.deriveddata/SDKStatCaches.noindex/iphoneos26.2-23C57-3794476bd08197c3e2abd9bb477ef7f7.sdkstatcache
    cd /Users/young/Coding/development/readytoorder/readytoorder.xcodeproj
    /Applications/Xcode.app/Contents/Developer/Toolchains/XcodeDefault.xctoolchain/usr/bin/clang-stat-cache /Applications/Xcode.app/Contents/Developer/Platforms/iPhoneOS.platform/Developer/SDKs/iPhoneOS26.2.sdk -o /Users/young/Coding/development/readytoorder/.deriveddata/SDKStatCaches.noindex/iphoneos26.2-23C57-3794476bd08197c3e2abd9bb477ef7f7.sdkstatcache
Failed to create FS event stream. Considering the cache up-to-date.

CompileAssetCatalogVariant thinned /Users/young/Coding/development/readytoorder/.deriveddata/Build/Products/Debug-iphoneos/readytoorder.app /Users/young/Coding/development/readytoorder/readytoorder/Assets.xcassets (in target 'readytoorder' from project 'readytoorder')
    cd /Users/young/Coding/development/readytoorder
    /Applications/Xcode.app/Contents/Developer/usr/bin/actool /Users/young/Coding/development/readytoorder/readytoorder/Assets.xcassets --compile /Users/young/Coding/development/readytoorder/.deriveddata/Build/Intermediates.noindex/readytoorder.build/Debug-iphoneos/readytoorder.build/assetcatalog_output/thinned --output-format human-readable-text --notices --warnings --export-dependency-info /Users/young/Coding/development/readytoorder/.deriveddata/Build/Intermediates.noindex/readytoorder.build/Debug-iphoneos/readytoorder.build/assetcatalog_dependencies_thinned --output-partial-info-plist /Users/young/Coding/development/readytoorder/.deriveddata/Build/Intermediates.noindex/readytoorder.build/Debug-iphoneos/readytoorder.build/assetcatalog_generated_info.plist_thinned --app-icon AppIcon --accent-color AccentColor --compress-pngs --enable-on-demand-resources YES --development-region en --target-device iphone --minimum-deployment-target 17.0 --platform iphoneos
2026-03-03 14:53:16.961 ibtoold[3233:16362707] CoreSimulatorService connection became invalid.  Simulator services will no longer be available.
2026-03-03 14:53:16.963 ibtoold[3233:16362819] Logging connecton invalid: <OS_xpc_error: <dictionary: 0x1f4e303d0> { count = 1, transaction: 0, voucher = 0x0, contents =
	"XPCErrorDescription" => <string: 0x1f4e30518> { string cache = 0x0, length = 18, contents = "Connection invalid" }
}>
2026-03-03 14:53:16.963 ibtoold[3233:16362707] Error opening log file (/Users/young/Library/Logs/CoreSimulator/CoreSimulator.com.apple.ibtool.log): Operation not permitted
[-[SimServiceContext sendRequest:]:1743] ERROR : Unable to deliver request ({
    "developer_dir" = "/Applications/Xcode.app/Contents/Developer";
    request = "set_developer_dir";
}) because we are not connected to CoreSimulatorService.
[-[SimServiceContext initWithDeveloperDir:connectionType:error:]:450] WARN  : Unable to discover any Simulator runtimes. Developer Directory is /Applications/Xcode.app/Contents/Developer.
[-[SimDiskImageManager init]:175] ERROR : Could not kickstart simdiskimaged; SimDiskImageManager services will not be available: Error Domain=NSPOSIXErrorDomain Code=53 "Software caused connection abort" UserInfo={NSLocalizedDescription=Error returned in reply from CoreSimulatorService: Connection invalid}
[-[SimServiceContext initWithDeveloperDir:connectionType:error:]_block_invoke:486] ERROR : Could not get list of trusted mount directories: Error Domain=com.apple.CoreSimulator.SimError Code=409 "Cannot talk to the service used to manage runtime disk images (simdiskimaged) because its launchd job is not registered or was unloaded" UserInfo={NSLocalizedDescription=Cannot talk to the service used to manage runtime disk images (simdiskimaged) because its launchd job is not registered or was unloaded}
[-[SimDiskImageManager _onQueue_checkConnection:]:219] ERROR : simdiskimaged connection is currently unavailable because connection became invalid
[-[SimDiskImageManager _onQueue_checkConnection:]:219] ERROR : simdiskimaged connection is currently unavailable because connection became invalid
[-[SimServiceContext sendRequest:reply:error:]:1763] ERROR : Unable to deliver request ({
    request = "notification_subscription";
    "set_path" = "/Users/young/Library/Developer/CoreSimulator/Devices";
}) because we are not connected to CoreSimulatorService.
2026-03-03 14:53:17.086 ibtoold[3233:16362706] Error Domain=NSPOSIXErrorDomain Code=61 "Connection refused" UserInfo={NSLocalizedDescription=CoreSimulatorService connection became invalid.  Simulator services will no longer be available.}
[-[SimServiceContext sendRequest:]:1743] ERROR : Unable to deliver request ({
    "developer_dir" = "/Applications/Xcode.app/Contents/Developer";
    request = "set_developer_dir";
}) because we are not connected to CoreSimulatorService.
2026-03-03 14:53:17.458 ibtoold[3233:16362818] CoreSimulatorService connection became invalid.  Simulator services will no longer be available.
[-[SimDiskImageManager _onQueue_checkConnection:]:219] ERROR : simdiskimaged connection is currently unavailable because connection became invalid
[-[SimServiceContext initWithDeveloperDir:connectionType:error:]_block_invoke:486] ERROR : Could not get list of trusted mount directories: Error Domain=com.apple.CoreSimulator.SimError Code=409 "Cannot talk to the service used to manage runtime disk images (simdiskimaged) because its launchd job is not registered or was unloaded" UserInfo={NSLocalizedDescription=Cannot talk to the service used to manage runtime disk images (simdiskimaged) because its launchd job is not registered or was unloaded}
[-[SimServiceContext initWithDeveloperDir:connectionType:error:]:450] WARN  : Unable to discover any Simulator runtimes. Developer Directory is /Applications/Xcode.app/Contents/Developer.
[-[SimServiceContext sendRequest:]:1743] ERROR : Unable to deliver request ({
    path = "/Applications/Xcode.app/Contents/PlugIns/IDEInterfaceBuilderiOSIntegration.ideplugin/Contents/Resources";
    request = "add_profiles";
}) because we are not connected to CoreSimulatorService.
[-[SimServiceContext sendRequest:]:1743] ERROR : Unable to deliver request ({
    path = "/Applications/Xcode.app/Contents/Developer/Platforms/AppleTVSimulator.platform/Developer/Library/Xcode/PrivatePlugIns/IDEInterfaceBuilderAppleTVIntegration.framework/Resources";
    request = "add_profiles";
}) because we are not connected to CoreSimulatorService.
/* com.apple.actool.errors */
/Users/young/Coding/development/readytoorder/readytoorder/Assets.xcassets: error: No available simulator runtimes for platform iphonesimulator. SimServiceContext supportedRuntimes=[]
/* com.apple.actool.compilation-results */
/Users/young/Coding/development/readytoorder/.deriveddata/Build/Intermediates.noindex/readytoorder.build/Debug-iphoneos/readytoorder.build/assetcatalog_generated_info.plist_thinned
/Users/young/Coding/development/readytoorder/.deriveddata/Build/Intermediates.noindex/readytoorder.build/Debug-iphoneos/readytoorder.build/assetcatalog_output/thinned/AppIcon60x60@2x.png
/Users/young/Coding/development/readytoorder/.deriveddata/Build/Intermediates.noindex/readytoorder.build/Debug-iphoneos/readytoorder.build/assetcatalog_output/thinned/AppIcon76x76@2x~ipad.png


SwiftDriver readytoorder normal arm64 com.apple.xcode.tools.swift.compiler (in target 'readytoorder' from project 'readytoorder')
    cd /Users/young/Coding/development/readytoorder
    builtin-SwiftDriver -- /Applications/Xcode.app/Contents/Developer/Toolchains/XcodeDefault.xctoolchain/usr/bin/swiftc -module-name readytoorder -Onone -enforce-exclusivity\=checked @/Users/young/Coding/development/readytoorder/.deriveddata/Build/Intermediates.noindex/readytoorder.build/Debug-iphoneos/readytoorder.build/Objects-normal/arm64/readytoorder.SwiftFileList -DDEBUG -default-isolation\=MainActor -enable-bare-slash-regex -enable-upcoming-feature DisableOutwardActorInference -enable-upcoming-feature InferSendableFromCaptures -enable-upcoming-feature GlobalActorIsolatedTypesUsability -enable-upcoming-feature MemberImportVisibility -enable-upcoming-feature InferIsolatedConformances -enable-upcoming-feature NonisolatedNonsendingByDefault -enable-experimental-feature DebugDescriptionMacro -sdk /Applications/Xcode.app/Contents/Developer/Platforms/iPhoneOS.platform/Developer/SDKs/iPhoneOS26.2.sdk -target arm64-apple-ios17.0 -g -module-cache-path /Users/young/Coding/development/readytoorder/.deriveddata/ModuleCache.noindex -Xfrontend -serialize-debugging-options -profile-coverage-mapping -profile-generate -enable-testing -index-store-path /Users/young/Coding/development/readytoorder/.deriveddata/Index.noindex/DataStore -Xcc -D_LIBCPP_HARDENING_MODE\=_LIBCPP_HARDENING_MODE_DEBUG -swift-version 5 -I /Users/young/Coding/development/readytoorder/.deriveddata/Build/Products/Debug-iphoneos -F /Users/young/Coding/development/readytoorder/.deriveddata/Build/Products/Debug-iphoneos -emit-localized-strings -emit-localized-strings-path /Users/young/Coding/development/readytoorder/.deriveddata/Build/Intermediates.noindex/readytoorder.build/Debug-iphoneos/readytoorder.build/Objects-normal/arm64 -c -j10 -enable-batch-mode -incremental -Xcc -ivfsstatcache -Xcc /Users/young/Coding/development/readytoorder/.deriveddata/SDKStatCaches.noindex/iphoneos26.2-23C57-3794476bd08197c3e2abd9bb477ef7f7.sdkstatcache -output-file-map /Users/young/Coding/development/readytoorder/.deriveddata/Build/Intermediates.noindex/readytoorder.build/Debug-iphoneos/readytoorder.build/Objects-normal/arm64/readytoorder-OutputFileMap.json -use-frontend-parseable-output -save-temps -no-color-diagnostics -explicit-module-build -module-cache-path /Users/young/Coding/development/readytoorder/.deriveddata/Build/Intermediates.noindex/SwiftExplicitPrecompiledModules -clang-scanner-module-cache-path /Users/young/Coding/development/readytoorder/.deriveddata/ModuleCache.noindex -sdk-module-cache-path /Users/young/Coding/development/readytoorder/.deriveddata/ModuleCache.noindex -serialize-diagnostics -emit-dependencies -emit-module -emit-module-path /Users/young/Coding/development/readytoorder/.deriveddata/Build/Intermediates.noindex/readytoorder.build/Debug-iphoneos/readytoorder.build/Objects-normal/arm64/readytoorder.swiftmodule -validate-clang-modules-once -clang-build-session-file /Users/young/Coding/development/readytoorder/.deriveddata/ModuleCache.noindex/Session.modulevalidation -Xcc -I/Users/young/Coding/development/readytoorder/.deriveddata/Build/Intermediates.noindex/readytoorder.build/Debug-iphoneos/readytoorder.build/swift-overrides.hmap -emit-const-values -Xfrontend -const-gather-protocols-file -Xfrontend /Users/young/Coding/development/readytoorder/.deriveddata/Build/Intermediates.noindex/readytoorder.build/Debug-iphoneos/readytoorder.build/Objects-normal/arm64/readytoorder_const_extract_protocols.json -Xcc -iquote -Xcc /Users/young/Coding/development/readytoorder/.deriveddata/Build/Intermediates.noindex/readytoorder.build/Debug-iphoneos/readytoorder.build/readytoorder-generated-files.hmap -Xcc -I/Users/young/Coding/development/readytoorder/.deriveddata/Build/Intermediates.noindex/readytoorder.build/Debug-iphoneos/readytoorder.build/readytoorder-own-target-headers.hmap -Xcc -I/Users/young/Coding/development/readytoorder/.deriveddata/Build/Intermediates.noindex/readytoorder.build/Debug-iphoneos/readytoorder.build/readytoorder-all-target-headers.hmap -Xcc -iquote -Xcc /Users/young/Coding/development/readytoorder/.deriveddata/Build/Intermediates.noindex/readytoorder.build/Debug-iphoneos/readytoorder.build/readytoorder-project-headers.hmap -Xcc -I/Users/young/Coding/development/readytoorder/.deriveddata/Build/Products/Debug-iphoneos/include -Xcc -I/Users/young/Coding/development/readytoorder/.deriveddata/Build/Intermediates.noindex/readytoorder.build/Debug-iphoneos/readytoorder.build/DerivedSources-normal/arm64 -Xcc -I/Users/young/Coding/development/readytoorder/.deriveddata/Build/Intermediates.noindex/readytoorder.build/Debug-iphoneos/readytoorder.build/DerivedSources/arm64 -Xcc -I/Users/young/Coding/development/readytoorder/.deriveddata/Build/Intermediates.noindex/readytoorder.build/Debug-iphoneos/readytoorder.build/DerivedSources -Xcc -DDEBUG\=1 -emit-objc-header -emit-objc-header-path /Users/young/Coding/development/readytoorder/.deriveddata/Build/Intermediates.noindex/readytoorder.build/Debug-iphoneos/readytoorder.build/Objects-normal/arm64/readytoorder-Swift.h -working-directory /Users/young/Coding/development/readytoorder -experimental-emit-module-separately -disable-cmo

SwiftExplicitDependencyGeneratePcm arm64 /Users/young/Coding/development/readytoorder/.deriveddata/ModuleCache.noindex/SwiftShims-8URWV92PES1JJS9MF4R2L8IQ7.pcm

SwiftExplicitDependencyGeneratePcm arm64 /Users/young/Coding/development/readytoorder/.deriveddata/ModuleCache.noindex/_AvailabilityInternal-4MGDQXIKKVO566NIDR0IS510X.pcm

SwiftExplicitDependencyGeneratePcm arm64 /Users/young/Coding/development/readytoorder/.deriveddata/ModuleCache.noindex/DeveloperToolsSupport-E8PLJ2QOXB2TNGH8F6CAURO2M.pcm

SwiftExplicitDependencyGeneratePcm arm64 /Users/young/Coding/development/readytoorder/.deriveddata/ModuleCache.noindex/_Builtin_float-DZJC6RHJBY716175UVRMGPFM9.pcm

SwiftExplicitDependencyGeneratePcm arm64 /Users/young/Coding/development/readytoorder/.deriveddata/ModuleCache.noindex/_Builtin_stddef-78AKM1I2UJBXBIK918JSA8WXD.pcm

SwiftExplicitDependencyGeneratePcm arm64 /Users/young/Coding/development/readytoorder/.deriveddata/ModuleCache.noindex/_SwiftConcurrencyShims-8AEBC6RZAATDEVQOCMV7V7R54.pcm

SwiftExplicitDependencyGeneratePcm arm64 /Users/young/Coding/development/readytoorder/.deriveddata/ModuleCache.noindex/ptrauth-52HS31K4MCGTQ8ZTNA01R0HV5.pcm

SwiftExplicitDependencyGeneratePcm arm64 /Users/young/Coding/development/readytoorder/.deriveddata/ModuleCache.noindex/_Builtin_stdbool-A4Y7BC5LOMGFZGWCHS0Z4H4TE.pcm

SwiftExplicitDependencyGeneratePcm arm64 /Users/young/Coding/development/readytoorder/.deriveddata/ModuleCache.noindex/ptrcheck-9VC2PGAUUFRQM05BQWDXIAGFZ.pcm

SwiftExplicitDependencyGeneratePcm arm64 /Users/young/Coding/development/readytoorder/.deriveddata/ModuleCache.noindex/_Builtin_stdarg-3OVJDT4PS39LRO67BGMC9ZIZX.pcm

SwiftExplicitDependencyGeneratePcm arm64 /Users/young/Coding/development/readytoorder/.deriveddata/ModuleCache.noindex/_DarwinFoundation1-6OOVB569V015MMJLDKKBDPO9O.pcm

SwiftExplicitDependencyGeneratePcm arm64 /Users/young/Coding/development/readytoorder/.deriveddata/ModuleCache.noindex/_Builtin_limits-12A1BEDTW4URTBFNYSQDT4UBO.pcm

SwiftExplicitDependencyGeneratePcm arm64 /Users/young/Coding/development/readytoorder/.deriveddata/ModuleCache.noindex/ExtensionFoundation-6H5EMZAJN8643I8WZQQGUDBJK.pcm

SwiftExplicitDependencyGeneratePcm arm64 /Users/young/Coding/development/readytoorder/.deriveddata/ModuleCache.noindex/_DarwinFoundation2-SR016PHX9TMP4M8OZQO76MVJ.pcm

SwiftExplicitDependencyGeneratePcm arm64 /Users/young/Coding/development/readytoorder/.deriveddata/ModuleCache.noindex/_Builtin_tgmath-8A8EM5MLIF7P79CXM6IMHP8ZZ.pcm

SwiftExplicitDependencyGeneratePcm arm64 /Users/young/Coding/development/readytoorder/.deriveddata/ModuleCache.noindex/_Builtin_stdint-8EAWZBRNAPIJXEQ2TOYY4UXO6.pcm

SwiftExplicitDependencyGeneratePcm arm64 /Users/young/Coding/development/readytoorder/.deriveddata/ModuleCache.noindex/sys_types-2ATY00DTSD5IRR8GJ5DFE7CHK.pcm

SwiftExplicitDependencyGeneratePcm arm64 /Users/young/Coding/development/readytoorder/.deriveddata/ModuleCache.noindex/_Builtin_intrinsics-70MDLYXXDMDLCEXCH85K0MRO4.pcm

SwiftExplicitDependencyGeneratePcm arm64 /Users/young/Coding/development/readytoorder/.deriveddata/ModuleCache.noindex/_Builtin_stdatomic-C86CMIYHJRUIEW2KG9PGPEBJ1.pcm

SwiftExplicitDependencyGeneratePcm arm64 /Users/young/Coding/development/readytoorder/.deriveddata/ModuleCache.noindex/_DarwinFoundation3-EA6P735VOBZS4EIRMY3WZ6TI4.pcm

SwiftExplicitDependencyGeneratePcm arm64 /Users/young/Coding/development/readytoorder/.deriveddata/ModuleCache.noindex/_Builtin_inttypes-U6QR057XCNOZ5L6V63XDM5MK.pcm

SwiftExplicitDependencyGeneratePcm arm64 /Users/young/Coding/development/readytoorder/.deriveddata/ModuleCache.noindex/Darwin-5Q54T8DCADDCOTZ9TRKKG2TSR.pcm

SwiftExplicitDependencyGeneratePcm arm64 /Users/young/Coding/development/readytoorder/.deriveddata/ModuleCache.noindex/simd-BW0ZB3CZYHPIJD4XMEL7BYX5C.pcm

SwiftExplicitDependencyGeneratePcm arm64 /Users/young/Coding/development/readytoorder/.deriveddata/ModuleCache.noindex/MachO-51VKEFHEKRLPOQZXRL0MLLQ80.pcm

SwiftExplicitDependencyGeneratePcm arm64 /Users/young/Coding/development/readytoorder/.deriveddata/ModuleCache.noindex/ObjectiveC-YRSXZ2U1FAT13QTKFNCSFKFU.pcm

SwiftExplicitDependencyGeneratePcm arm64 /Users/young/Coding/development/readytoorder/.deriveddata/ModuleCache.noindex/os_object-1OCF6KB6O6VEKRU4U208VH8WL.pcm

SwiftExplicitDependencyGeneratePcm arm64 /Users/young/Coding/development/readytoorder/.deriveddata/ModuleCache.noindex/os_workgroup-2P33T47BCVE2WYC5IO2MVY3QQ.pcm

SwiftExplicitDependencyGeneratePcm arm64 /Users/young/Coding/development/readytoorder/.deriveddata/ModuleCache.noindex/Dispatch-CJPHRUY4W2AU7NJIYKTPETYNG.pcm

SwiftExplicitDependencyGeneratePcm arm64 /Users/young/Coding/development/readytoorder/.deriveddata/ModuleCache.noindex/Spatial-9LOBKBFDX375Z6RKZ829MRL2H.pcm

SwiftExplicitDependencyGeneratePcm arm64 /Users/young/Coding/development/readytoorder/.deriveddata/ModuleCache.noindex/CoreFoundation-1L2D45QYLGITDNXVSANOWZ041.pcm

SwiftExplicitDependencyGeneratePcm arm64 /Users/young/Coding/development/readytoorder/.deriveddata/ModuleCache.noindex/XPC-E672E9LMZV9NZR2OHZELD97WH.pcm

SwiftExplicitDependencyGeneratePcm arm64 /Users/young/Coding/development/readytoorder/.deriveddata/ModuleCache.noindex/dnssd-3UO06JPWI45HZZVCXZ4L61YE1.pcm

SwiftExplicitDependencyGeneratePcm arm64 /Users/young/Coding/development/readytoorder/.deriveddata/ModuleCache.noindex/os-BNPSVAVK05QL0PUJ2PSGAA1MR.pcm

SwiftExplicitDependencyGeneratePcm arm64 /Users/young/Coding/development/readytoorder/.deriveddata/ModuleCache.noindex/CoreAudioTypes-BFJL41WH9VNPAJXXSYT7RRSUY.pcm

SwiftExplicitDependencyGeneratePcm arm64 /Users/young/Coding/development/readytoorder/.deriveddata/ModuleCache.noindex/Security-5AWEYVZOST3A92GCPVDZ8ZK61.pcm

SwiftExplicitDependencyGeneratePcm arm64 /Users/young/Coding/development/readytoorder/.deriveddata/ModuleCache.noindex/CFNetwork-3B3C1HJKJJZ597HLM9LM8UM2P.pcm

SwiftExplicitDependencyGeneratePcm arm64 /Users/young/Coding/development/readytoorder/.deriveddata/ModuleCache.noindex/CoreGraphics-BWHHGGPLRGFNP73B36VDPB5B4.pcm

SwiftExplicitDependencyGeneratePcm arm64 /Users/young/Coding/development/readytoorder/.deriveddata/ModuleCache.noindex/CoreAudio-E2IBWD7OQOX92VQH8QW0YJPZD.pcm

SwiftExplicitDependencyGeneratePcm arm64 /Users/young/Coding/development/readytoorder/.deriveddata/ModuleCache.noindex/ImageIO-100WG47IN9XE442J8BSKXQJPL.pcm

SwiftExplicitDependencyGeneratePcm arm64 /Users/young/Coding/development/readytoorder/.deriveddata/ModuleCache.noindex/CoreText-5B5N253EDPQDQE8EWKQ1TC1VQ.pcm

SwiftExplicitDependencyGeneratePcm arm64 /Users/young/Coding/development/readytoorder/.deriveddata/ModuleCache.noindex/Foundation-CPY54ABL64R12PBPLNS488TGM.pcm

** BUILD FAILED **


The following build commands failed:
	CompileAssetCatalogVariant thinned /Users/young/Coding/development/readytoorder/.deriveddata/Build/Products/Debug-iphoneos/readytoorder.app /Users/young/Coding/development/readytoorder/readytoorder/Assets.xcassets (in target 'readytoorder' from project 'readytoorder')
	Building project readytoorder with scheme readytoorder
(2 failures)
